TN:
SF:./src/client/app/app.module.js
FN:1,(anonymous_1)
FNF:1
FNH:1
FNDA:1,(anonymous_1)
DA:1,1
DA:4,1
LF:2
LH:2
BRF:0
BRH:0
end_of_record
TN:
SF:./src/client/app/blocks/core/core.module.js
FN:1,(anonymous_1)
FNF:1
FNH:1
FNDA:1,(anonymous_1)
DA:1,1
DA:4,1
LF:2
LH:2
BRF:0
BRH:0
end_of_record
TN:
SF:./src/client/app/blocks/exception/exception.module.js
FN:1,(anonymous_1)
FNF:1
FNH:1
FNDA:1,(anonymous_1)
DA:1,1
DA:4,1
LF:2
LH:2
BRF:0
BRH:0
end_of_record
TN:
SF:./src/client/app/blocks/logger/logger.module.js
FN:1,(anonymous_1)
FNF:1
FNH:1
FNDA:1,(anonymous_1)
DA:1,1
DA:4,1
LF:2
LH:2
BRF:0
BRH:0
end_of_record
TN:
SF:./src/client/app/blocks/router/router.module.js
FN:1,(anonymous_1)
FNF:1
FNH:1
FNDA:1,(anonymous_1)
DA:1,1
DA:4,1
LF:2
LH:2
BRF:0
BRH:0
end_of_record
TN:
SF:./src/client/app/ghost-game/ghost-game.module.js
FN:1,(anonymous_1)
FNF:1
FNH:1
FNDA:1,(anonymous_1)
DA:1,1
DA:4,1
LF:2
LH:2
BRF:0
BRH:0
end_of_record
TN:
SF:./src/client/app/layout/layout.module.js
FN:1,(anonymous_1)
FNF:1
FNH:1
FNDA:1,(anonymous_1)
DA:1,1
DA:4,1
LF:2
LH:2
BRF:0
BRH:0
end_of_record
TN:
SF:./src/client/app/widgets/widgets.module.js
FN:1,(anonymous_1)
FNF:1
FNH:1
FNDA:1,(anonymous_1)
DA:1,1
DA:4,1
LF:2
LH:2
BRF:0
BRH:0
end_of_record
TN:
SF:./src/client/app/blocks/core/config.js
FN:1,(anonymous_1)
FN:10,toastrConfig
FN:27,configure
FNF:3
FNH:3
FNDA:1,(anonymous_1)
FNDA:40,toastrConfig
FNDA:40,configure
DA:1,1
DA:4,1
DA:6,1
DA:8,1
DA:10,1
DA:11,40
DA:12,40
DA:15,1
DA:21,1
DA:23,1
DA:25,1
DA:27,1
DA:28,40
DA:29,40
DA:31,40
DA:32,40
LF:16
LH:16
BRDA:28,1,0,40
BRDA:28,1,1,0
BRF:2
BRH:1
end_of_record
TN:
SF:./src/client/app/blocks/core/constants.js
FN:2,(anonymous_1)
FNF:1
FNH:1
FNDA:1,(anonymous_1)
DA:2,1
DA:5,1
LF:2
LH:2
BRF:0
BRH:0
end_of_record
TN:
SF:./src/client/app/blocks/core/core.route.js
FN:1,(anonymous_1)
FN:9,appRun
FN:14,getStates
FNF:3
FNH:3
FNDA:1,(anonymous_1)
FNDA:40,appRun
FNDA:40,getStates
DA:1,1
DA:4,1
DA:9,1
DA:10,40
DA:11,40
DA:14,1
DA:15,40
LF:7
LH:7
BRF:0
BRH:0
end_of_record
TN:
SF:./src/client/app/blocks/core/dataservice.js
FN:1,(anonymous_1)
FN:10,dataservice
FN:18,getMessageCount
FN:20,getPeople
FN:25,success
FN:29,fail
FNF:6
FNH:2
FNDA:1,(anonymous_1)
FNDA:3,dataservice
FNDA:0,getMessageCount
FNDA:0,getPeople
FNDA:0,success
FNDA:0,fail
DA:1,1
DA:4,1
DA:8,1
DA:10,1
DA:11,3
DA:16,3
DA:18,1
DA:20,1
DA:21,0
DA:25,1
DA:26,0
DA:29,1
DA:30,0
LF:13
LH:10
BRF:0
BRH:0
end_of_record
TN:
SF:./src/client/app/blocks/exception/exception-handler.provider.js
FN:3,(anonymous_1)
FN:14,exceptionHandlerProvider
FN:20,(anonymous_3)
FN:24,(anonymous_4)
FN:37,config
FN:50,extendExceptionHandler
FN:51,(anonymous_7)
FNF:7
FNH:7
FNDA:1,(anonymous_1)
FNDA:48,exceptionHandlerProvider
FNDA:45,(anonymous_3)
FNDA:50,(anonymous_4)
FNDA:48,config
FNDA:48,extendExceptionHandler
FNDA:1,(anonymous_7)
DA:3,1
DA:6,1
DA:14,1
DA:16,48
DA:20,48
DA:21,45
DA:24,48
DA:25,50
DA:29,1
DA:37,1
DA:38,48
DA:41,1
DA:50,1
DA:51,48
DA:52,1
DA:53,1
DA:54,1
DA:55,1
DA:65,0
LF:19
LH:18
BRDA:52,1,0,1
BRDA:52,1,1,0
BRF:2
BRH:1
end_of_record
TN:
SF:./src/client/app/blocks/exception/exception.js
FN:1,(anonymous_1)
FN:9,exception
FN:15,catcher
FN:16,(anonymous_4)
FNF:4
FNH:4
FNDA:1,(anonymous_1)
FNDA:26,exception
FNDA:4,catcher
FNDA:4,(anonymous_4)
DA:1,1
DA:4,1
DA:9,1
DA:10,26
DA:13,26
DA:15,1
DA:16,4
DA:17,4
DA:18,4
DA:19,4
DA:20,0
DA:21,0
DA:23,4
DA:24,4
DA:25,4
LF:15
LH:13
BRDA:19,1,0,0
BRDA:19,1,1,4
BRDA:19,2,0,4
BRDA:19,2,1,4
BRF:4
BRH:3
end_of_record
TN:
SF:./src/client/app/blocks/logger/logger.js
FN:1,(anonymous_1)
FN:11,logger
FN:27,error
FN:32,info
FN:37,success
FN:42,warning
FNF:6
FNH:5
FNDA:1,(anonymous_1)
FNDA:48,logger
FNDA:4,error
FNDA:21,info
FNDA:3,success
FNDA:0,warning
DA:1,1
DA:4,1
DA:8,1
DA:11,1
DA:12,48
DA:24,48
DA:27,1
DA:28,4
DA:29,4
DA:32,1
DA:33,21
DA:34,21
DA:37,1
DA:38,3
DA:39,3
DA:42,1
DA:43,0
DA:44,0
LF:18
LH:16
BRF:0
BRH:0
end_of_record
TN:
SF:./src/client/app/blocks/router/router-helper.provider.js
FN:2,(anonymous_1)
FN:11,routerHelperProvider
FN:24,(anonymous_3)
FN:31,RouterHelper
FN:51,configureStates
FN:52,(anonymous_6)
FN:63,handleRoutingErrors
FN:68,(anonymous_8)
FN:86,init
FN:91,getStates
FN:93,updateDocTitle
FN:95,(anonymous_12)
FNF:12
FNH:11
FNDA:1,(anonymous_1)
FNDA:40,routerHelperProvider
FNDA:40,(anonymous_3)
FNDA:40,RouterHelper
FNDA:68,configureStates
FNDA:68,(anonymous_6)
FNDA:40,handleRoutingErrors
FNDA:0,(anonymous_8)
FNDA:40,init
FNDA:2,getStates
FNDA:40,updateDocTitle
FNDA:18,(anonymous_12)
DA:2,1
DA:5,1
DA:9,1
DA:11,1
DA:13,40
DA:18,40
DA:19,0
DA:22,40
DA:24,40
DA:25,40
DA:28,40
DA:29,40
DA:31,1
DA:32,40
DA:33,40
DA:34,40
DA:39,40
DA:45,40
DA:47,40
DA:51,1
DA:52,68
DA:53,68
DA:55,68
DA:57,68
DA:58,40
DA:59,40
DA:63,1
DA:67,40
DA:69,0
DA:70,0
DA:72,0
DA:73,0
DA:74,0
DA:77,0
DA:80,0
DA:81,0
DA:86,1
DA:87,40
DA:88,40
DA:91,2
DA:93,1
DA:94,40
DA:96,18
DA:97,18
DA:98,18
DA:99,18
LF:46
LH:37
BRDA:18,1,0,0
BRDA:18,1,1,40
BRDA:18,2,0,40
BRDA:18,2,1,40
BRDA:54,3,0,68
BRDA:54,3,1,68
BRDA:57,4,0,40
BRDA:57,4,1,28
BRDA:57,5,0,68
BRDA:57,5,1,42
BRDA:69,6,0,0
BRDA:69,6,1,0
BRDA:74,7,0,0
BRDA:74,7,1,0
BRDA:74,7,2,0
BRDA:74,7,3,0
BRDA:74,7,4,0
BRDA:78,8,0,0
BRDA:78,8,1,0
BRDA:78,9,0,0
BRDA:78,9,1,0
BRDA:79,10,0,0
BRDA:79,10,1,0
BRDA:98,11,0,18
BRDA:98,11,1,0
BRF:25
BRH:10
end_of_record
TN:
SF:./src/client/app/ghost-game/computer-player.service.js
FN:1,(anonymous_1)
FN:10,computerPlayerService
FN:18,play
FN:24,success
FN:29,fail
FN:37,applyStrategy
FN:45,evenRemainLengthStrategy
FN:56,longestWordStrategy
FNF:8
FNH:7
FNDA:1,(anonymous_1)
FNDA:11,computerPlayerService
FNDA:2,play
FNDA:2,success
FNDA:0,fail
FNDA:2,applyStrategy
FNDA:2,evenRemainLengthStrategy
FNDA:1,longestWordStrategy
DA:1,1
DA:4,1
DA:8,1
DA:10,1
DA:11,11
DA:15,11
DA:18,1
DA:20,2
DA:24,1
DA:25,2
DA:26,2
DA:29,1
DA:30,0
DA:37,1
DA:38,2
DA:39,2
DA:40,1
DA:42,2
DA:45,1
DA:46,2
DA:47,2
DA:48,4
DA:49,1
DA:51,4
DA:53,2
DA:56,1
DA:57,1
DA:58,1
DA:59,3
DA:60,2
DA:61,2
DA:63,3
DA:65,1
LF:33
LH:32
BRDA:39,1,0,1
BRDA:39,1,1,1
BRDA:47,2,0,6
BRDA:47,2,1,5
BRDA:48,3,0,1
BRDA:48,3,1,3
BRDA:53,4,0,1
BRDA:53,4,1,1
BRDA:59,5,0,2
BRDA:59,5,1,1
BRF:10
BRH:10
end_of_record
TN:
SF:./src/client/app/ghost-game/dictionary.service.js
FN:1,(anonymous_1)
FN:10,dictionaryService
FN:26,initDictionary
FN:31,success
FN:35,fail
FN:41,getWordNode
FN:49,success
FN:53,fail
FN:59,getWordSuffixes
FN:61,(anonymous_10)
FN:70,success
FN:74,fail
FN:80,isWord
FN:88,success
FN:92,fail
FN:98,isNotAffix
FN:103,success
FN:107,fail
FN:113,isWordAndIsNotAffix
FN:118,success
FN:120,(anonymous_21)
FN:125,fail
FNF:22
FNH:19
FNDA:1,(anonymous_1)
FNDA:23,dictionaryService
FNDA:2,initDictionary
FNDA:1,success
FNDA:1,fail
FNDA:8,getWordNode
FNDA:6,success
FNDA:2,fail
FNDA:6,getWordSuffixes
FNDA:5,(anonymous_10)
FNDA:5,success
FNDA:0,fail
FNDA:4,isWord
FNDA:3,success
FNDA:1,fail
FNDA:4,isNotAffix
FNDA:4,success
FNDA:0,fail
FNDA:2,isWordAndIsNotAffix
FNDA:2,success
FNDA:2,(anonymous_21)
FNDA:0,fail
DA:1,1
DA:4,1
DA:8,1
DA:10,1
DA:11,23
DA:12,23
DA:14,23
DA:23,23
DA:26,1
DA:27,2
DA:31,1
DA:32,1
DA:35,1
DA:36,1
DA:41,1
DA:42,8
DA:45,8
DA:49,1
DA:50,6
DA:53,1
DA:54,2
DA:59,1
DA:60,6
DA:62,5
DA:65,5
DA:70,1
DA:71,5
DA:74,1
DA:75,0
DA:80,1
DA:81,4
DA:84,4
DA:88,1
DA:89,3
DA:92,1
DA:93,1
DA:98,1
DA:99,4
DA:103,1
DA:104,4
DA:107,1
DA:108,0
DA:113,1
DA:114,2
DA:118,1
DA:119,2
DA:121,2
DA:125,1
DA:126,0
LF:49
LH:46
BRDA:121,1,0,2
BRDA:121,1,1,2
BRF:2
BRH:2
end_of_record
TN:
SF:./src/client/app/ghost-game/ghost-game.controller.js
FN:1,(anonymous_1)
FN:10,GhostGameController
FN:39,activate
FN:44,restartGame
FN:53,insertLetter
FN:62,(anonymous_6)
FN:72,computerPlays
FN:74,(anonymous_8)
FN:79,(anonymous_9)
FN:87,showWinner
FN:99,checkWinner
FN:101,(anonymous_12)
FN:112,unableDeleteKey
FN:118,callInitDictionary
FN:120,(anonymous_15)
FN:125,callIsWordAndIsNotAffix
FNF:16
FNH:16
FNDA:1,(anonymous_1)
FNDA:9,GhostGameController
FNDA:10,activate
FNDA:1,restartGame
FNDA:4,insertLetter
FNDA:2,(anonymous_6)
FNDA:2,computerPlays
FNDA:2,(anonymous_8)
FNDA:2,(anonymous_9)
FNDA:1,showWinner
FNDA:4,checkWinner
FNDA:4,(anonymous_12)
FNDA:1,unableDeleteKey
FNDA:10,callInitDictionary
FNDA:10,(anonymous_15)
FNDA:4,callIsWordAndIsNotAffix
DA:1,1
DA:4,1
DA:8,1
DA:10,1
DA:11,9
DA:14,9
DA:15,9
DA:16,9
DA:17,9
DA:18,9
DA:19,9
DA:20,9
DA:21,9
DA:22,9
DA:23,9
DA:24,9
DA:27,9
DA:28,9
DA:29,9
DA:30,9
DA:31,9
DA:32,9
DA:33,9
DA:34,9
DA:35,9
DA:37,9
DA:39,1
DA:40,10
DA:41,10
DA:44,1
DA:45,1
DA:46,1
DA:47,1
DA:48,1
DA:49,1
DA:50,1
DA:53,1
DA:54,4
DA:55,4
DA:56,2
DA:59,2
DA:60,2
DA:61,2
DA:63,2
DA:64,1
DA:65,1
DA:72,1
DA:73,2
DA:75,2
DA:76,2
DA:77,2
DA:78,2
DA:80,2
DA:81,2
DA:87,1
DA:88,1
DA:89,1
DA:90,1
DA:93,0
DA:94,0
DA:96,1
DA:99,1
DA:100,4
DA:102,4
DA:103,1
DA:104,1
DA:105,1
DA:106,1
DA:112,1
DA:113,1
DA:114,1
DA:118,1
DA:119,10
DA:121,10
DA:125,1
DA:126,4
LF:76
LH:74
BRDA:55,1,0,2
BRDA:55,1,1,2
BRDA:63,2,0,1
BRDA:63,2,1,1
BRDA:63,3,0,2
BRDA:63,3,1,1
BRDA:80,4,0,2
BRDA:80,4,1,0
BRDA:88,5,0,1
BRDA:88,5,1,0
BRDA:102,6,0,1
BRDA:102,6,1,3
BRDA:113,7,0,1
BRDA:113,7,1,0
BRDA:113,8,0,1
BRDA:113,8,1,1
BRF:16
BRH:13
end_of_record
TN:
SF:./src/client/app/ghost-game/ghost-game.route.js
FN:1,(anonymous_1)
FN:10,appRun
FN:14,getStates
FNF:3
FNH:3
FNDA:1,(anonymous_1)
FNDA:26,appRun
FNDA:26,getStates
DA:1,1
DA:4,1
DA:8,1
DA:10,1
DA:11,26
DA:14,1
DA:15,26
LF:7
LH:7
BRF:0
BRH:0
end_of_record
TN:
SF:./src/client/app/layout/ht-sidebar.directive.js
FN:1,(anonymous_1)
FN:9,htSidebar
FN:25,link
FN:31,dropdown
FNF:4
FNH:4
FNDA:1,(anonymous_1)
FNDA:7,htSidebar
FNDA:7,link
FNDA:5,dropdown
DA:1,1
DA:4,1
DA:9,1
DA:16,7
DA:23,7
DA:25,1
DA:26,7
DA:27,7
DA:28,7
DA:29,7
DA:31,1
DA:32,5
DA:33,5
DA:34,5
DA:35,3
DA:36,3
DA:37,2
DA:38,2
DA:39,2
LF:19
LH:19
BRDA:34,1,0,3
BRDA:34,1,1,2
BRDA:37,2,0,2
BRDA:37,2,1,0
BRF:4
BRH:3
end_of_record
TN:
SF:./src/client/app/layout/ht-top-nav.directive.js
FN:1,(anonymous_1)
FN:9,htTopNav
FN:24,TopNavController
FNF:3
FNH:1
FNDA:1,(anonymous_1)
FNDA:0,htTopNav
FNDA:0,TopNavController
DA:1,1
DA:4,1
DA:9,1
DA:10,0
DA:21,0
DA:24,1
DA:25,0
DA:26,0
DA:29,0
LF:9
LH:4
BRF:0
BRH:0
end_of_record
TN:
SF:./src/client/app/layout/shell.controller.js
FN:1,(anonymous_1)
FN:10,ShellController
FN:24,activate
FN:29,hideSplash
FN:31,(anonymous_5)
FNF:5
FNH:5
FNDA:1,(anonymous_1)
FNDA:3,ShellController
FNDA:3,activate
FNDA:3,hideSplash
FNDA:1,(anonymous_5)
DA:1,1
DA:4,1
DA:8,1
DA:10,1
DA:11,3
DA:12,3
DA:13,3
DA:14,3
DA:15,3
DA:22,3
DA:24,1
DA:25,3
DA:26,3
DA:29,1
DA:31,3
DA:32,1
LF:16
LH:16
BRF:0
BRH:0
end_of_record
TN:
SF:./src/client/app/layout/sidebar.controller.js
FN:1,(anonymous_1)
FN:10,SidebarController
FN:17,activate
FN:19,getNavRoutes
FN:20,(anonymous_5)
FN:22,(anonymous_6)
FN:27,isCurrent
FNF:7
FNH:6
FNDA:1,(anonymous_1)
FNDA:2,SidebarController
FNDA:2,activate
FNDA:2,getNavRoutes
FNDA:6,(anonymous_5)
FNDA:0,(anonymous_6)
FNDA:2,isCurrent
DA:1,1
DA:4,1
DA:8,1
DA:10,1
DA:11,2
DA:12,2
DA:13,2
DA:15,2
DA:17,2
DA:19,1
DA:20,2
DA:21,6
DA:23,0
DA:27,1
DA:28,2
DA:29,0
DA:31,2
DA:32,2
LF:18
LH:16
BRDA:21,1,0,6
BRDA:21,1,1,2
BRDA:28,2,0,0
BRDA:28,2,1,2
BRDA:28,3,0,2
BRDA:28,3,1,2
BRDA:28,3,2,2
BRDA:32,4,0,1
BRDA:32,4,1,1
BRF:9
BRH:8
end_of_record
TN:
SF:./src/client/app/widgets/ht-widget-header.directive.js
FN:1,(anonymous_1)
FN:9,htWidgetHeader
FN:29,link
FN:30,(anonymous_4)
FNF:4
FNH:1
FNDA:1,(anonymous_1)
FNDA:0,htWidgetHeader
FNDA:0,link
FNDA:0,(anonymous_4)
DA:1,1
DA:4,1
DA:9,1
DA:16,0
DA:27,0
DA:29,1
DA:30,0
DA:31,0
DA:32,0
DA:33,0
LF:10
LH:4
BRDA:31,1,0,0
BRDA:31,1,1,0
BRF:2
BRH:0
end_of_record
